 Downloading crates ...
  Downloaded error-chain v0.12.4
  Downloaded glob v0.2.11
  Downloaded linked-hash-map v0.5.4
  Downloaded serde_yaml v0.8.17
  Downloaded backtrace v0.3.56
  Downloaded idna v0.2.2
  Downloaded itertools v0.8.2
  Downloaded simpath v2.2.1
  Downloaded rand v0.4.6
  Downloaded curl v0.4.35
  Downloaded yaml-rust v0.4.5
  Downloaded tempdir v0.3.7
  Downloaded simplog v1.2.2
  Downloaded shrinkwraprs v0.2.3
  Downloaded syn v1.0.69
  Downloaded toml v0.4.10
  Downloaded curl-sys v0.4.41+curl-7.75.0
   Compiling libc v0.2.93
   Compiling autocfg v1.0.1
   Compiling cc v1.0.67
   Compiling pkg-config v0.3.19
   Compiling proc-macro2 v1.0.26
   Compiling unicode-xid v0.2.1
   Compiling syn v1.0.69
   Compiling serde_derive v1.0.125
   Compiling cfg-if v1.0.0
   Compiling serde v1.0.125
   Compiling tinyvec_macros v0.1.0
   Compiling matches v0.1.8
   Compiling percent-encoding v2.1.0
   Compiling version_check v0.9.3
   Compiling log v0.4.14
   Compiling adler v1.0.2
   Compiling curl v0.4.35
   Compiling gimli v0.23.0
   Compiling rustc-demangle v0.1.18
   Compiling openssl-probe v0.1.2
   Compiling bitflags v1.2.1
   Compiling object v0.23.0
   Compiling ryu v1.0.5
   Compiling serde_json v1.0.64
   Compiling itoa v0.4.7
   Compiling linked-hash-map v0.5.4
   Compiling unicode-width v0.1.8
   Compiling either v1.6.1
   Compiling remove_dir_all v0.5.3
   Compiling strsim v0.8.0
   Compiling vec_map v0.8.2
   Compiling ansi_term v0.11.0
   Compiling dtoa v0.4.8
   Compiling glob v0.2.11
   Compiling miniz_oxide v0.4.4
   Compiling openssl-sys v0.9.61
   Compiling libz-sys v1.1.2
   Compiling curl-sys v0.4.41+curl-7.75.0
   Compiling tinyvec v1.2.0
   Compiling unicode-bidi v0.3.5
   Compiling form_urlencoded v1.0.1
   Compiling error-chain v0.12.4
   Compiling addr2line v0.14.1
   Compiling yaml-rust v0.4.5
   Compiling textwrap v0.11.0
   Compiling itertools v0.8.2
   Compiling unicode-normalization v0.1.17
   Compiling socket2 v0.3.19
   Compiling atty v0.2.14
   Compiling rand v0.4.6
   Compiling quote v1.0.9
   Compiling simplog v1.2.2
   Compiling idna v0.2.2
   Compiling backtrace v0.3.56
   Compiling clap v2.33.3
   Compiling tempdir v0.3.7
   Compiling shrinkwraprs v0.2.3
   Compiling url v2.2.1
   Compiling toml v0.4.10
   Compiling serde_yaml v0.8.17
   Compiling simpath v2.2.1
   Compiling provider v0.34.7 (/home/travis/build/andrewdavidmackenzie/flow/provider)
   Compiling flowcore v0.34.8 (/home/travis/build/andrewdavidmackenzie/flow/flowcore)
   Compiling flowc v0.34.8 (/home/travis/build/andrewdavidmackenzie/flow/flowc)
    Finished dev [unoptimized + debuginfo] target(s) in 1m 10s
    Checking cfg-if v1.0.0
    Checking tinyvec_macros v0.1.0
    Checking matches v0.1.8
    Checking adler v1.0.2
    Checking percent-encoding v2.1.0
    Checking gimli v0.23.0
    Checking object v0.23.0
    Checking rustc-demangle v0.1.18
    Checking openssl-probe v0.1.2
    Checking linked-hash-map v0.5.4
    Checking unicode-width v0.1.8
    Checking itoa v0.4.7
    Checking vec_map v0.8.2
    Checking remove_dir_all v0.5.3
    Checking dtoa v0.4.8
    Checking ansi_term v0.11.0
    Checking strsim v0.8.0
    Checking glob v0.2.11
    Checking tinyvec v1.2.0
    Checking unicode-bidi v0.3.5
    Checking form_urlencoded v1.0.1
    Checking addr2line v0.14.1
    Checking textwrap v0.11.0
    Checking yaml-rust v0.4.5
    Checking libc v0.2.93
    Checking log v0.4.14
    Checking bitflags v1.2.1
    Checking ryu v1.0.5
    Checking unicode-normalization v0.1.17
    Checking miniz_oxide v0.4.4
    Checking simplog v1.2.2
    Checking libz-sys v1.1.2
    Checking openssl-sys v0.9.61
    Checking socket2 v0.3.19
    Checking atty v0.2.14
    Checking rand v0.4.6
    Checking backtrace v0.3.56
    Checking idna v0.2.2
    Checking clap v2.33.3
    Checking curl-sys v0.4.41+curl-7.75.0
    Checking error-chain v0.12.4
    Checking tempdir v0.3.7
    Checking curl v0.4.35
    Checking serde v1.0.125
    Checking url v2.2.1
    Checking serde_json v1.0.64
    Checking toml v0.4.10
    Checking serde_yaml v0.8.17
    Checking simpath v2.2.1
    Checking provider v0.34.7 (/home/travis/build/andrewdavidmackenzie/flow/provider)
    Checking flowcore v0.34.8 (/home/travis/build/andrewdavidmackenzie/flow/flowcore)
    Checking flowc v0.34.8 (/home/travis/build/andrewdavidmackenzie/flow/flowc)
error: replacing a value of type `T` with `T::default()` is better expressed using `std::mem::take`
   --> flowc/src/lib/model/flow.rs:317:31
    |
317 |         let mut connections = replace(&mut self.connections, vec![]);
    |                               ^^^^^^^^^^^^^^^^^^^^^^^^^^^^^^^^^^^^^^ help: consider using: `std::mem::take(&mut self.connections)`
    |
    = note: `-D clippy::mem-replace-with-default` implied by `-D warnings`
    = help: for further information visit https://rust-lang.github.io/rust-clippy/master/index.html#mem_replace_with_default

error: aborting due to previous error

error: could not compile `flowc`

To learn more, run the command again with --verbose.
Makefile:111: recipe for target 'clippy' failed
make: *** [clippy] Error 101
