        Generated flowstdlib/math/sequence.dot.svg from flowstdlib/math/sequence.dot
        Generated flowstdlib/control/index_f.dot.svg from flowstdlib/control/index_f.dot
        Generated samples/arrays/functions.dot.svg from samples/arrays/functions.dot
        Generated samples/arrays/context.dot.svg from samples/arrays/context.dot
        Generated samples/arrays/sequence.dot.svg from samples/arrays/sequence.dot
        Generated samples/range/functions.dot.svg from samples/range/functions.dot
        Generated samples/range/context.dot.svg from samples/range/context.dot
        Generated samples/range/sequence.dot.svg from samples/range/sequence.dot
        Generated samples/factorial/functions.dot.svg from samples/factorial/functions.dot
        Generated samples/factorial/context.dot.svg from samples/factorial/context.dot
        Generated samples/range-of-ranges/functions.dot.svg from samples/range-of-ranges/functions.dot
        Generated samples/range-of-ranges/context.dot.svg from samples/range-of-ranges/context.dot
        Generated samples/range-of-ranges/sequence.dot.svg from samples/range-of-ranges/sequence.dot
        Generated samples/mandlebrot/render.dot.svg from samples/mandlebrot/render.dot
        Generated samples/mandlebrot/generate_pixels.dot.svg from samples/mandlebrot/generate_pixels.dot
        Generated samples/mandlebrot/functions.dot.svg from samples/mandlebrot/functions.dot
        Generated samples/mandlebrot/context.dot.svg from samples/mandlebrot/context.dot
        Generated samples/mandlebrot/parse_args.dot.svg from samples/mandlebrot/parse_args.dot
        Generated samples/mandlebrot/sequence.dot.svg from samples/mandlebrot/sequence.dot
        Generated samples/fibonacci/functions.dot.svg from samples/fibonacci/functions.dot
        Generated samples/fibonacci/context.dot.svg from samples/fibonacci/context.dot
        Generated samples/pipeline/functions.dot.svg from samples/pipeline/functions.dot
        Generated samples/pipeline/context.dot.svg from samples/pipeline/context.dot
        Generated samples/pipeline/sequence.dot.svg from samples/pipeline/sequence.dot
        Generated samples/matrix_mult/multiply.dot.svg from samples/matrix_mult/multiply.dot
        Generated samples/matrix_mult/index_f.dot.svg from samples/matrix_mult/index_f.dot
        Generated samples/matrix_mult/functions.dot.svg from samples/matrix_mult/functions.dot
        Generated samples/matrix_mult/context.dot.svg from samples/matrix_mult/context.dot
        Generated samples/prime/composites.dot.svg from samples/prime/composites.dot
        Generated samples/prime/functions.dot.svg from samples/prime/functions.dot
        Generated samples/prime/context.dot.svg from samples/prime/context.dot
        Generated samples/prime/generate_composites.dot.svg from samples/prime/generate_composites.dot
        Generated samples/prime/sequence.dot.svg from samples/prime/sequence.dot
        Generated samples/reverse-echo/functions.dot.svg from samples/reverse-echo/functions.dot
        Generated samples/reverse-echo/context.dot.svg from samples/reverse-echo/context.dot
        Generated samples/hello-world/functions.dot.svg from samples/hello-world/functions.dot
        Generated samples/hello-world/context.dot.svg from samples/hello-world/context.dot
        Generated samples/router/path_tracker.dot.svg from samples/router/path_tracker.dot
        Generated samples/router/functions.dot.svg from samples/router/functions.dot
        Generated samples/router/context.dot.svg from samples/router/context.dot
        Generated samples/primitives/functions.dot.svg from samples/primitives/functions.dot
        Generated samples/primitives/context.dot.svg from samples/primitives/context.dot
        Generated samples/args/functions.dot.svg from samples/args/functions.dot
        Generated samples/args/context.dot.svg from samples/args/context.dot
        Generated samples/tokenizer/functions.dot.svg from samples/tokenizer/functions.dot
        Generated samples/tokenizer/context.dot.svg from samples/tokenizer/context.dot
2021-02-28 09:11:14 [INFO] (mdbook::book): Book building has started
2021-02-28 09:11:14 [INFO] (mdbook::book): Running the html backend
