<------ Target 'build-flowc' starting
 Downloading crates ...
  Downloaded addr2line v0.14.1
  Downloaded syn v1.0.67
  Downloaded yaml-rust v0.4.5
  Downloaded rand v0.4.6
  Downloaded object v0.23.0
  Downloaded unicode-bidi v0.3.4
  Downloaded backtrace v0.3.56
  Downloaded tinyvec v1.1.1
  Downloaded rustc-demangle v0.1.18
  Downloaded miniz_oxide v0.4.4
  Downloaded tempdir v0.3.7
  Downloaded toml v0.4.10
  Downloaded proc-macro2 v1.0.24
  Downloaded itertools v0.8.2
  Downloaded curl v0.4.35
  Downloaded simplog v1.2.2
  Downloaded shrinkwraprs v0.2.3
  Downloaded libc v0.2.92
  Downloaded glob v0.2.11
  Downloaded error-chain v0.12.4
  Downloaded linked-hash-map v0.5.4
  Downloaded libz-sys v1.1.2
  Downloaded simpath v2.2.1
  Downloaded curl-sys v0.4.41+curl-7.75.0
  Downloaded gimli v0.23.0
  Downloaded adler v1.0.2
  Downloaded serde_yaml v0.8.17
   Compiling libc v0.2.92
   Compiling autocfg v1.0.1
   Compiling pkg-config v0.3.19
   Compiling cc v1.0.67
   Compiling proc-macro2 v1.0.24
   Compiling unicode-xid v0.2.1
   Compiling syn v1.0.67
   Compiling serde_derive v1.0.125
   Compiling serde v1.0.125
   Compiling cfg-if v1.0.0
   Compiling tinyvec_macros v0.1.0
   Compiling matches v0.1.8
   Compiling curl v0.4.35
   Compiling gimli v0.23.0
   Compiling log v0.4.14
   Compiling version_check v0.9.3
   Compiling percent-encoding v2.1.0
   Compiling adler v1.0.2
   Compiling openssl-probe v0.1.2
   Compiling bitflags v1.2.1
   Compiling rustc-demangle v0.1.18
   Compiling object v0.23.0
   Compiling ryu v1.0.5
   Compiling serde_json v1.0.64
   Compiling either v1.6.1
   Compiling linked-hash-map v0.5.4
   Compiling unicode-width v0.1.8
   Compiling itoa v0.4.7
   Compiling remove_dir_all v0.5.3
   Compiling strsim v0.8.0
   Compiling vec_map v0.8.2
   Compiling ansi_term v0.11.0
   Compiling dtoa v0.4.8
   Compiling glob v0.2.11
   Compiling miniz_oxide v0.4.4
   Compiling libz-sys v1.1.2
   Compiling openssl-sys v0.9.61
   Compiling curl-sys v0.4.41+curl-7.75.0
   Compiling tinyvec v1.1.1
   Compiling unicode-bidi v0.3.4
   Compiling error-chain v0.12.4
   Compiling form_urlencoded v1.0.1
   Compiling addr2line v0.14.1
   Compiling itertools v0.8.2
   Compiling yaml-rust v0.4.5
   Compiling textwrap v0.11.0
   Compiling unicode-normalization v0.1.17
   Compiling socket2 v0.3.19
   Compiling rand v0.4.6
   Compiling atty v0.2.14
   Compiling quote v1.0.9
   Compiling idna v0.2.2
   Compiling simplog v1.2.2
   Compiling backtrace v0.3.56
   Compiling clap v2.33.3
   Compiling tempdir v0.3.7
   Compiling shrinkwraprs v0.2.3
   Compiling url v2.2.1
   Compiling toml v0.4.10
   Compiling serde_yaml v0.8.17
   Compiling simpath v2.2.1
   Compiling provider v0.34.7 (/home/travis/build/andrewdavidmackenzie/flow/provider)
   Compiling flowcore v0.34.7 (/home/travis/build/andrewdavidmackenzie/flow/flowcore)
   Compiling flowc v0.34.7 (/home/travis/build/andrewdavidmackenzie/flow/flowc)
    Finished dev [unoptimized + debuginfo] target(s) in 1m 08s
------> Target 'build-flowc' done in 69 seconds
2021-04-07 09:18:07 [INFO] (mdbook::book): Book building has started
2021-04-07 09:18:07 [INFO] (mdbook::book): Running the html backend
