=== Weather Station (1 readings in window) ===
Latest: 21.2°C | Min: 21.2°C | Max: 21.2°C | Mean: 21.2°C

=== Weather Station (2 readings in window) ===
Latest: 20.6°C | Min: 20.6°C | Max: 21.2°C | Mean: 20.9°C

=== Weather Station (3 readings in window) ===
Latest: 20.2°C | Min: 20.2°C | Max: 21.2°C | Mean: 20.7°C

=== Weather Station (4 readings in window) ===
Latest: 20.3°C | Min: 20.2°C | Max: 21.2°C | Mean: 20.6°C

=== Weather Station (5 readings in window) ===
Latest: 19.1°C | Min: 19.1°C | Max: 21.2°C | Mean: 20.3°C

=== Weather Station (6 readings in window) ===
Latest: 17.6°C | Min: 17.6°C | Max: 21.2°C | Mean: 19.8°C

=== Weather Station (7 readings in window) ===
Latest: 18.6°C | Min: 17.6°C | Max: 21.2°C | Mean: 19.7°C

=== Weather Station (8 readings in window) ===
Latest: 17.7°C | Min: 17.6°C | Max: 21.2°C | Mean: 19.4°C

=== Weather Station (9 readings in window) ===
Latest: 17.3°C | Min: 17.3°C | Max: 21.2°C | Mean: 19.2°C

=== Weather Station (10 readings in window) ===
Latest: 17.2°C | Min: 17.2°C | Max: 21.2°C | Mean: 19.0°C

=== Weather Station (11 readings in window) ===
Latest: 16.9°C | Min: 16.9°C | Max: 21.2°C | Mean: 18.8°C

=== Weather Station (12 readings in window) ===
Latest: 17.4°C | Min: 16.9°C | Max: 21.2°C | Mean: 18.7°C

=== Weather Station (13 readings in window) ===
Latest: 16.7°C | Min: 16.7°C | Max: 21.2°C | Mean: 18.5°C

=== Weather Station (14 readings in window) ===
Latest: 16.0°C | Min: 16.0°C | Max: 21.2°C | Mean: 18.3°C

=== Weather Station (15 readings in window) ===
Latest: 15.1°C | Min: 15.1°C | Max: 21.2°C | Mean: 18.1°C

=== Weather Station (16 readings in window) ===
Latest: 14.6°C | Min: 14.6°C | Max: 21.2°C | Mean: 17.9°C

=== Weather Station (17 readings in window) ===
Latest: 15.5°C | Min: 14.6°C | Max: 21.2°C | Mean: 17.8°C

=== Weather Station (18 readings in window) ===
Latest: 16.2°C | Min: 14.6°C | Max: 21.2°C | Mean: 17.7°C

=== Weather Station (19 readings in window) ===
Latest: 15.1°C | Min: 14.6°C | Max: 21.2°C | Mean: 17.5°C

=== Weather Station (20 readings in window) ===
Latest: 14.9°C | Min: 14.6°C | Max: 21.2°C | Mean: 17.4°C

=== Weather Station (21 readings in window) ===
Latest: 15.4°C | Min: 14.6°C | Max: 21.2°C | Mean: 17.3°C

=== Weather Station (22 readings in window) ===
Latest: 13.9°C | Min: 13.9°C | Max: 21.2°C | Mean: 17.2°C

=== Weather Station (23 readings in window) ===
Latest: 14.8°C | Min: 13.9°C | Max: 21.2°C | Mean: 17.1°C

=== Weather Station (24 readings in window) ===
Latest: 15.6°C | Min: 13.9°C | Max: 21.2°C | Mean: 17.0°C

=== Weather Station (24 readings in window) ===
Latest: 16.0°C | Min: 13.9°C | Max: 20.6°C | Mean: 16.8°C

=== Weather Station (24 readings in window) ===
Latest: 15.3°C | Min: 13.9°C | Max: 20.3°C | Mean: 16.6°C

=== Weather Station (24 readings in window) ===
Latest: 15.9°C | Min: 13.9°C | Max: 20.3°C | Mean: 16.4°C

=== Weather Station (24 readings in window) ===
Latest: 16.1°C | Min: 13.9°C | Max: 19.1°C | Mean: 16.2°C

=== Weather Station (24 readings in window) ===
Latest: 16.8°C | Min: 13.9°C | Max: 18.6°C | Mean: 16.1°C

=== Weather Station (24 readings in window) ===
Latest: 15.5°C | Min: 13.9°C | Max: 18.6°C | Mean: 16.0°C

=== Weather Station (24 readings in window) ===
Latest: 17.2°C | Min: 13.9°C | Max: 17.7°C | Mean: 16.0°C

=== Weather Station (24 readings in window) ===
Latest: 15.9°C | Min: 13.9°C | Max: 17.4°C | Mean: 15.9°C

=== Weather Station (24 readings in window) ===
Latest: 15.4°C | Min: 13.9°C | Max: 17.4°C | Mean: 15.8°C

=== Weather Station (24 readings in window) ===
Latest: 17.4°C | Min: 13.9°C | Max: 17.4°C | Mean: 15.8°C

=== Weather Station (24 readings in window) ===
Latest: 17.6°C | Min: 13.9°C | Max: 17.6°C | Mean: 15.8°C

=== Weather Station (24 readings in window) ===
Latest: 19.5°C | Min: 13.9°C | Max: 19.5°C | Mean: 15.9°C

=== Weather Station (24 readings in window) ===
Latest: 19.8°C | Min: 13.9°C | Max: 19.8°C | Mean: 16.1°C

=== Weather Station (24 readings in window) ===
Latest: 18.8°C | Min: 13.9°C | Max: 19.8°C | Mean: 16.2°C

=== Weather Station (24 readings in window) ===
Latest: 20.9°C | Min: 13.9°C | Max: 20.9°C | Mean: 16.4°C

=== Weather Station (24 readings in window) ===
Latest: 20.0°C | Min: 13.9°C | Max: 20.9°C | Mean: 16.6°C

=== Weather Station (24 readings in window) ===
Latest: 21.2°C | Min: 13.9°C | Max: 21.2°C | Mean: 16.9°C

=== Weather Station (24 readings in window) ===
Latest: 21.6°C | Min: 13.9°C | Max: 21.6°C | Mean: 17.1°C

=== Weather Station (24 readings in window) ===
Latest: 22.5°C | Min: 13.9°C | Max: 22.5°C | Mean: 17.4°C

=== Weather Station (24 readings in window) ===
Latest: 23.6°C | Min: 13.9°C | Max: 23.6°C | Mean: 17.8°C

=== Weather Station (24 readings in window) ===
Latest: 24.0°C | Min: 13.9°C | Max: 24.0°C | Mean: 18.1°C

=== Weather Station (24 readings in window) ===
Latest: 24.3°C | Min: 14.8°C | Max: 24.3°C | Mean: 18.6°C

=== Weather Station (24 readings in window) ===
Latest: 25.1°C | Min: 15.3°C | Max: 25.1°C | Mean: 19.0°C

=== Weather Station (24 readings in window) ===
Latest: 25.5°C | Min: 15.3°C | Max: 25.5°C | Mean: 19.4°C

=== Weather Station (24 readings in window) ===
Latest: 25.2°C | Min: 15.3°C | Max: 25.5°C | Mean: 19.8°C

=== Weather Station (24 readings in window) ===
Latest: 25.7°C | Min: 15.4°C | Max: 25.7°C | Mean: 20.2°C

=== Weather Station (24 readings in window) ===
Latest: 26.4°C | Min: 15.4°C | Max: 26.4°C | Mean: 20.7°C

=== Weather Station (24 readings in window) ===
Latest: 27.7°C | Min: 15.4°C | Max: 27.7°C | Mean: 21.2°C

=== Weather Station (24 readings in window) ===
Latest: 27.5°C | Min: 15.4°C | Max: 27.7°C | Mean: 21.6°C

=== Weather Station (24 readings in window) ===
Latest: 30.1°C | Min: 15.4°C | Max: 30.1°C | Mean: 22.2°C

=== Weather Station (24 readings in window) ===
Latest: 28.0°C | Min: 15.4°C | Max: 30.1°C | Mean: 22.7°C

=== Weather Station (24 readings in window) ===
Latest: 28.2°C | Min: 15.4°C | Max: 30.1°C | Mean: 23.2°C

=== Weather Station (24 readings in window) ===
Latest: 30.1°C | Min: 17.4°C | Max: 30.1°C | Mean: 23.8°C

=== Weather Station (24 readings in window) ===
Latest: 31.0°C | Min: 17.6°C | Max: 31.0°C | Mean: 24.3°C

=== Weather Station (24 readings in window) ===
Latest: 30.6°C | Min: 18.8°C | Max: 31.0°C | Mean: 24.9°C

=== Weather Station (24 readings in window) ===
Latest: 31.2°C | Min: 18.8°C | Max: 31.2°C | Mean: 25.4°C

=== Weather Station (24 readings in window) ===
Latest: 32.0°C | Min: 18.8°C | Max: 32.0°C | Mean: 25.9°C

=== Weather Station (24 readings in window) ===
Latest: 31.0°C | Min: 20.0°C | Max: 32.0°C | Mean: 26.4°C

=== Weather Station (24 readings in window) ===
Latest: 30.2°C | Min: 20.0°C | Max: 32.0°C | Mean: 26.8°C

=== Weather Station (24 readings in window) ===
Latest: 31.1°C | Min: 21.2°C | Max: 32.0°C | Mean: 27.2°C

=== Weather Station (24 readings in window) ===
Latest: 32.5°C | Min: 21.6°C | Max: 32.5°C | Mean: 27.7°C

=== Weather Station (24 readings in window) ===
Latest: 30.7°C | Min: 22.5°C | Max: 32.5°C | Mean: 28.1°C

=== Weather Station (24 readings in window) ===
Latest: 32.0°C | Min: 23.6°C | Max: 32.5°C | Mean: 28.5°C

=== Weather Station (24 readings in window) ===
Latest: 32.2°C | Min: 24.0°C | Max: 32.5°C | Mean: 28.8°C

=== Weather Station (24 readings in window) ===
Latest: 31.7°C | Min: 24.3°C | Max: 32.5°C | Mean: 29.2°C

=== Weather Station (24 readings in window) ===
Latest: 32.6°C | Min: 25.1°C | Max: 32.6°C | Mean: 29.5°C

=== Weather Station (24 readings in window) ===
Latest: 27.4°C | Min: 25.2°C | Max: 32.6°C | Mean: 29.6°C
  ALERT: 1 anomalies: 27.4°C drop (-5.2°C)

=== Weather Station (24 readings in window) ===
Latest: 28.7°C | Min: 25.2°C | Max: 32.6°C | Mean: 29.7°C
  ALERT: 1 anomalies: 27.4°C drop (-5.2°C)

=== Weather Station (24 readings in window) ===
Latest: 27.2°C | Min: 25.7°C | Max: 32.6°C | Mean: 29.8°C
  ALERT: 1 anomalies: 27.4°C drop (-5.2°C)

=== Weather Station (24 readings in window) ===
Latest: 26.1°C | Min: 26.1°C | Max: 32.6°C | Mean: 29.8°C
  ALERT: 1 anomalies: 27.4°C drop (-5.2°C)

=== Weather Station (24 readings in window) ===
Latest: 25.9°C | Min: 25.9°C | Max: 32.6°C | Mean: 29.8°C
  ALERT: 1 anomalies: 27.4°C drop (-5.2°C)

=== Weather Station (24 readings in window) ===
Latest: 30.5°C | Min: 25.9°C | Max: 32.6°C | Mean: 29.9°C
  ALERT: 2 anomalies: 27.4°C drop (-5.2°C), 30.5°C spike (+4.6°C)

=== Weather Station (24 readings in window) ===
Latest: 31.6°C | Min: 25.9°C | Max: 32.6°C | Mean: 30.1°C
  ALERT: 2 anomalies: 27.4°C drop (-5.2°C), 30.5°C spike (+4.6°C)

=== Weather Station (24 readings in window) ===
Latest: 30.1°C | Min: 25.9°C | Max: 32.6°C | Mean: 30.1°C
  ALERT: 2 anomalies: 27.4°C drop (-5.2°C), 30.5°C spike (+4.6°C)

=== Weather Station (24 readings in window) ===
Latest: 30.2°C | Min: 25.9°C | Max: 32.6°C | Mean: 30.2°C
  ALERT: 2 anomalies: 27.4°C drop (-5.2°C), 30.5°C spike (+4.6°C)

=== Weather Station (24 readings in window) ===
Latest: 30.5°C | Min: 25.9°C | Max: 32.6°C | Mean: 30.3°C
  ALERT: 2 anomalies: 27.4°C drop (-5.2°C), 30.5°C spike (+4.6°C)

=== Weather Station (24 readings in window) ===
Latest: 28.9°C | Min: 25.9°C | Max: 32.6°C | Mean: 30.2°C
  ALERT: 2 anomalies: 27.4°C drop (-5.2°C), 30.5°C spike (+4.6°C)

=== Weather Station (24 readings in window) ===
Latest: 28.9°C | Min: 25.9°C | Max: 32.6°C | Mean: 30.2°C
  ALERT: 2 anomalies: 27.4°C drop (-5.2°C), 30.5°C spike (+4.6°C)

=== Weather Station (24 readings in window) ===
Latest: 27.2°C | Min: 25.9°C | Max: 32.6°C | Mean: 30.0°C
  ALERT: 2 anomalies: 27.4°C drop (-5.2°C), 30.5°C spike (+4.6°C)

=== Weather Station (24 readings in window) ===
Latest: 27.4°C | Min: 25.9°C | Max: 32.6°C | Mean: 29.9°C
  ALERT: 2 anomalies: 27.4°C drop (-5.2°C), 30.5°C spike (+4.6°C)

=== Weather Station (24 readings in window) ===
Latest: 27.3°C | Min: 25.9°C | Max: 32.6°C | Mean: 29.7°C
  ALERT: 2 anomalies: 27.4°C drop (-5.2°C), 30.5°C spike (+4.6°C)

=== Weather Station (24 readings in window) ===
Latest: 27.6°C | Min: 25.9°C | Max: 32.6°C | Mean: 29.5°C
  ALERT: 2 anomalies: 27.4°C drop (-5.2°C), 30.5°C spike (+4.6°C)

=== Weather Station (24 readings in window) ===
Latest: 27.7°C | Min: 25.9°C | Max: 32.6°C | Mean: 29.4°C
  ALERT: 2 anomalies: 27.4°C drop (-5.2°C), 30.5°C spike (+4.6°C)

=== Weather Station (24 readings in window) ===
Latest: 26.2°C | Min: 25.9°C | Max: 32.6°C | Mean: 29.2°C
  ALERT: 2 anomalies: 27.4°C drop (-5.2°C), 30.5°C spike (+4.6°C)

=== Weather Station (24 readings in window) ===
Latest: 25.9°C | Min: 25.9°C | Max: 32.6°C | Mean: 28.9°C
  ALERT: 2 anomalies: 27.4°C drop (-5.2°C), 30.5°C spike (+4.6°C)

=== Weather Station (24 readings in window) ===
Latest: 25.3°C | Min: 25.3°C | Max: 32.6°C | Mean: 28.7°C
  ALERT: 2 anomalies: 27.4°C drop (-5.2°C), 30.5°C spike (+4.6°C)

=== Weather Station (24 readings in window) ===
Latest: 25.5°C | Min: 25.3°C | Max: 32.6°C | Mean: 28.4°C
  ALERT: 2 anomalies: 27.4°C drop (-5.2°C), 30.5°C spike (+4.6°C)

=== Weather Station (24 readings in window) ===
Latest: 24.8°C | Min: 24.8°C | Max: 32.6°C | Mean: 28.1°C
  ALERT: 2 anomalies: 27.4°C drop (-5.2°C), 30.5°C spike (+4.6°C)

=== Weather Station (24 readings in window) ===
Latest: 23.7°C | Min: 23.7°C | Max: 32.6°C | Mean: 27.8°C
  ALERT: 2 anomalies: 27.4°C drop (-5.2°C), 30.5°C spike (+4.6°C)

=== Weather Station (24 readings in window) ===
Latest: 22.1°C | Min: 22.1°C | Max: 31.6°C | Mean: 27.4°C
  ALERT: 1 anomalies: 30.5°C spike (+4.6°C)

=== Weather Station (24 readings in window) ===
Latest: 23.1°C | Min: 22.1°C | Max: 31.6°C | Mean: 27.2°C
  ALERT: 1 anomalies: 30.5°C spike (+4.6°C)

=== Weather Station (24 readings in window) ===
Latest: 22.1°C | Min: 22.1°C | Max: 31.6°C | Mean: 26.9°C
  ALERT: 1 anomalies: 30.5°C spike (+4.6°C)

