Min: 21.2
Max: 21.2
Count: 1
Min: 20.6
Mean: 21.2
Max: 21.2
Count: 2
Mean: 20.9
Max: 21.2
Min: 20.2
Count: 3
Max: 21.2
Mean: 20.666666666666668
Min: 20.2
Count: 4
Max: 21.2
Mean: 20.575
Min: 19.1
Count: 5
Max: 21.2
Min: 17.6
Mean: 20.28
Count: 6
Max: 21.2
Count: 7
Min: 17.6
Mean: 19.833333333333332
Max: 21.2
Count: 8
Min: 17.6
Mean: 19.657142857142855
Max: 21.2
Count: 9
Min: 17.3
Mean: 19.4125
Max: 21.2
Count: 10
Min: 17.2
Mean: 19.177777777777777
Max: 21.2
Min: 16.9
Count: 11
Mean: 18.98
Min: 16.9
Max: 21.2
Mean: 18.79090909090909
Count: 12
Min: 16.7
Mean: 18.675
Max: 21.2
Count: 13
Min: 16.0
Mean: 18.523076923076925
Max: 21.2
Count: 14
Min: 15.1
Mean: 18.342857142857145
Max: 21.2
Count: 15
Min: 14.6
Mean: 18.12666666666667
Max: 21.2
Count: 16
Mean: 17.906250000000004
Min: 14.6
Max: 21.2
Count: 17
Min: 14.6
Mean: 17.764705882352946
Max: 21.2
Count: 18
Min: 14.6
Mean: 17.67777777777778
Max: 21.2
Count: 19
Min: 14.6
Max: 21.2
Count: 20
Mean: 17.542105263157897
Mean: 17.410000000000004
Count: 21
Max: 21.2
Min: 14.6
Count: 22
Max: 21.2
Mean: 17.314285714285717
Min: 13.9
Count: 23
Max: 21.2
Mean: 17.15909090909091
Min: 13.9
Count: 24
Mean: 17.056521739130435
Max: 21.2
Min: 13.9
Count: 25
Mean: 16.995833333333334
Max: 21.2
Min: 13.9
Count: 26
Mean: 16.956
Max: 21.2
Min: 13.9
Mean: 16.892307692307693
Count: 27
Max: 21.2
Min: 13.9
Mean: 16.855555555555558
Count: 28
Max: 21.2
Min: 13.9
Mean: 16.828571428571433
Max: 21.2
Count: 29
Min: 13.9
Mean: 16.827586206896555
Count: 30
Max: 21.2
Min: 13.9
Mean: 16.78333333333334
Max: 21.2
Count: 31
Min: 13.9
Max: 21.2
Mean: 16.79677419354839
Count: 32
Min: 13.9
Max: 21.2
Mean: 16.768750000000004
Count: 33
Min: 13.9
Max: 21.2
Mean: 16.72727272727273
Count: 34
Min: 13.9
Max: 21.2
Mean: 16.747058823529414
Count: 35
Min: 13.9
Max: 21.2
Count: 36
Mean: 16.771428571428576
Count: 37
Min: 13.9
Max: 21.2
Mean: 16.847222222222225
Count: 38
Min: 13.9
Max: 21.2
Mean: 16.92702702702703
Count: 39
Min: 13.9
Max: 21.2
Mean: 16.976315789473684
Count: 40
Min: 13.9
Max: 21.2
Mean: 17.076923076923077
Count: 41
Min: 13.9
Mean: 17.15
Count: 42
Max: 21.2
Min: 13.9
Mean: 17.24878048780488
Max: 21.6
Count: 43
Min: 13.9
Mean: 17.352380952380955
Max: 22.5
Count: 44
Min: 13.9
Mean: 17.472093023255816
Max: 23.6
Count: 45
Min: 13.9
Mean: 17.611363636363638
Max: 24.0
Count: 46
Min: 13.9
Mean: 17.753333333333334
Min: 13.9
Max: 24.3
Count: 47
Mean: 17.895652173913046
Min: 13.9
Max: 25.1
Count: 48
Mean: 18.04893617021277
Min: 13.9
Max: 25.5
Count: 49
Mean: 18.20416666666667
Max: 25.5
Min: 13.9
Count: 50
Mean: 18.346938775510207
Max: 25.7
Min: 13.9
Count: 51
Mean: 18.494000000000003
Max: 26.4
Count: 52
Min: 13.9
Mean: 18.649019607843137
Max: 27.7
Mean: 18.82307692307692
Min: 13.9
Count: 53
Max: 27.7
Mean: 18.986792452830187
Min: 13.9
Count: 54
Max: 30.1
Mean: 19.192592592592593
Min: 13.9
Count: 55
Max: 30.1
Count: 56
Min: 13.9
Mean: 19.352727272727275
Max: 30.1
Count: 57
Min: 13.9
Mean: 19.510714285714283
Max: 30.1
Min: 13.9
Count: 58
Mean: 19.696491228070172
Max: 31.0
Min: 13.9
Count: 59
Min: 13.9
Mean: 19.891379310344824
Max: 31.0
Count: 60
Min: 13.9
Mean: 20.072881355932196
Count: 61
Max: 31.2
Min: 13.9
Mean: 20.25833333333333
Count: 62
Max: 32.0
Min: 13.9
Mean: 20.45081967213114
Count: 63
Max: 32.0
Min: 13.9
Mean: 20.620967741935477
Count: 64
Max: 32.0
Min: 13.9
Count: 65
Mean: 20.773015873015865
Max: 32.0
Min: 13.9
Count: 66
Mean: 20.934374999999992
Max: 32.5
Min: 13.9
Mean: 21.112307692307684
Count: 67
Min: 13.9
Max: 32.5
Mean: 21.25757575757575
Count: 68
Min: 13.9
Max: 32.5
Mean: 21.417910447761187
Count: 69
Min: 13.9
Max: 32.5
Mean: 21.57647058823529
Count: 70
Min: 13.9
Max: 32.5
Mean: 21.723188405797096
Min: 13.9
Max: 32.6
Count: 71
Mean: 21.878571428571423
Min: 13.9
Max: 32.6
Count: 72
Mean: 21.956338028169007
Max: 32.6
Min: 13.9
Count: 73
Mean: 22.049999999999997
Max: 32.6
Min: 13.9
Count: 74
Mean: 22.120547945205473
Max: 32.6
Min: 13.9
Count: 75
Mean: 22.174324324324317
Max: 32.6
Count: 76
Mean: 22.223999999999993
Min: 13.9
Max: 32.6
Count: 77
Mean: 22.3328947368421
Max: 32.6
Min: 13.9
Mean: 22.453246753246745
Count: 78
Max: 32.6
Min: 13.9
Mean: 22.55128205128204
Count: 79
Max: 32.6
Min: 13.9
Count: 80
Mean: 22.648101265822778
Max: 32.6
Min: 13.9
Count: 81
Mean: 22.74624999999999
Max: 32.6
Min: 13.9
Count: 82
Mean: 22.822222222222212
Max: 32.6
Min: 13.9
Mean: 22.896341463414625
Count: 83
Max: 32.6
Min: 13.9
Mean: 22.94819277108433
Count: 84
Max: 32.6
Min: 13.9
Mean: 23.001190476190462
Count: 85
Max: 32.6
Min: 13.9
Mean: 23.051764705882345
Max: 32.6
Count: 86
Min: 13.9
Mean: 23.104651162790688
Max: 32.6
Count: 87
Min: 13.9
Mean: 23.157471264367807
Max: 32.6
Min: 13.9
Count: 88
Mean: 23.192045454545447
Max: 32.6
Min: 13.9
Count: 89
Mean: 23.22247191011235
Max: 32.6
Min: 13.9
Count: 90
Mean: 23.245555555555548
Max: 32.6
Min: 13.9
Count: 91
Mean: 23.270329670329662
Max: 32.6
Min: 13.9
Count: 92
Mean: 23.286956521739125
Max: 32.6
Min: 13.9
Count: 93
Mean: 23.29139784946236
Max: 32.6
Min: 13.9
Mean: 23.278723404255313
Count: 94
Max: 32.6
Mean: 23.27684210526315
Min: 13.9
Count: 95
Min: 13.9
Max: 32.6
Mean: 23.264583333333324
Count: 96
