FFT Spectrum
Signal: 64 samples at 8000 Hz

    Freq  Magnitude                                 
    ----  ----------------------------------------  
      0 Hz  ██████████████████                        0.12
    125 Hz  █████████████████                         0.11
    250 Hz  █████████████████████                     0.14
    375 Hz  ████████████████████████████████████████  0.26
    500 Hz  ████████████                              0.08
    625 Hz  █████████████                             0.08
    750 Hz  ██████████████████████████                0.17
    875 Hz  ████████████████████████████████████      0.24
   1000 Hz  ████████████                              0.08
   1125 Hz  ███████                                   0.05
   1250 Hz  ████                                      0.03
   1375 Hz  ████                                      0.03
   1500 Hz  ██                                        0.02
   1625 Hz  ██                                        0.01
   1750 Hz  ██                                        0.01
   1875 Hz  █                                         0.01
   2000 Hz  █                                         0.01
   2125 Hz  █                                         0.01
   2250 Hz  █                                         0.01

